d:\caleb\space invaders\space invaders\x64\debug\vc143.pdb
d:\caleb\space invaders\space invaders\x64\debug\vc143.idb
d:\caleb\space invaders\space invaders\x64\debug\tiroen.obj
d:\caleb\space invaders\space invaders\x64\debug\tiro.obj
d:\caleb\space invaders\space invaders\x64\debug\space invaders.obj
d:\caleb\space invaders\space invaders\x64\debug\player.obj
d:\caleb\space invaders\space invaders\x64\debug\game.obj
d:\caleb\space invaders\space invaders\x64\debug\stage.obj
d:\caleb\space invaders\space invaders\x64\debug\spritemanager.obj
d:\caleb\space invaders\space invaders\x64\debug\explosao.obj
d:\caleb\space invaders\space invaders\x64\debug\entity.obj
d:\caleb\space invaders\space invaders\x64\debug\enemy3.obj
d:\caleb\space invaders\space invaders\x64\debug\enemy2.obj
d:\caleb\space invaders\space invaders\x64\debug\enemy1.obj
d:\caleb\space invaders\space invaders\x64\debug\disco.obj
d:\caleb\space invaders\x64\debug\space invaders.exe
d:\caleb\space invaders\space invaders\x64\debug\space invaders.ilk
d:\caleb\space invaders\x64\debug\space invaders.pdb
d:\caleb\space invaders\space invaders\x64\debug\space invaders.tlog\cl.command.1.tlog
d:\caleb\space invaders\space invaders\x64\debug\space invaders.tlog\cl.read.1.tlog
d:\caleb\space invaders\space invaders\x64\debug\space invaders.tlog\cl.write.1.tlog
d:\caleb\space invaders\space invaders\x64\debug\space invaders.tlog\link.command.1.tlog
d:\caleb\space invaders\space invaders\x64\debug\space invaders.tlog\link.read.1.tlog
d:\caleb\space invaders\space invaders\x64\debug\space invaders.tlog\link.write.1.tlog
